⏩ Database already seeded. Skipping...
[15:04:05.463] [33mWARN[39m (16624): [36mSESSION_SECRET not set. Using development fallback secret.[39m
[15:04:05.476] [32mINFO[39m (16624): [36mServing pre-built frontend[39m
    [35mfrontendDist[39m: "Z:\APPS\zaki-app\artifacts\api-server\artifacts\archivage-app\dist\public"
[15:04:05.483] [32mINFO[39m (16624): [36mServer listening[39m
    [35mport[39m: 3002
[15:05:18.133] [32mINFO[39m (16624): [36mrequest completed[39m
    [35mreq[39m: {
      "id": 1,
      "method": "GET",
      "url": "/api/unites"
    }
    [35mres[39m: {
      "statusCode": 401
    }
    [35mresponseTime[39m: 17
[15:05:21.634] [32mINFO[39m (16624): [36mrequest completed[39m
    [35mreq[39m: {
      "id": 2,
      "method": "GET",
      "url": "/api/auth/me"
    }
    [35mres[39m: {
      "statusCode": 401
    }
    [35mresponseTime[39m: 5
[15:05:24.024] [32mINFO[39m (16624): [36mrequest completed[39m
    [35mreq[39m: {
      "id": 3,
      "method": "POST",
      "url": "/api/auth/login"
    }
    [35mres[39m: {
      "statusCode": 200
    }
    [35mresponseTime[39m: 360
[15:05:24.124] [32mINFO[39m (16624): [36mrequest completed[39m
    [35mreq[39m: {
      "id": 4,
      "method": "GET",
      "url": "/api/dashboard"
    }
    [35mres[39m: {
      "statusCode": 304
    }
    [35mresponseTime[39m: 17
[15:05:24.125] [32mINFO[39m (16624): [36mrequest completed[39m
    [35mreq[39m: {
      "id": 5,
      "method": "GET",
      "url": "/api/dashboard/histogrammes"
    }
    [35mres[39m: {
      "statusCode": 304
    }
    [35mresponseTime[39m: 17
[15:05:24.126] [32mINFO[39m (16624): [36mrequest completed[39m
    [35mreq[39m: {
      "id": 6,
      "method": "GET",
      "url": "/api/dashboard/analyse"
    }
    [35mres[39m: {
      "statusCode": 304
    }
    [35mresponseTime[39m: 17
[15:05:27.780] [32mINFO[39m (16624): [36mrequest completed[39m
    [35mreq[39m: {
      "id": 7,
      "method": "GET",
      "url": "/api/cmds"
    }
    [35mres[39m: {
      "statusCode": 304
    }
    [35mresponseTime[39m: 4
[15:05:28.097] [32mINFO[39m (16624): [36mrequest completed[39m
    [35mreq[39m: {
      "id": 8,
      "method": "GET",
      "url": "/api/unites"
    }
    [35mres[39m: {
      "statusCode": 304
    }
    [35mresponseTime[39m: 7
[15:05:28.103] [32mINFO[39m (16624): [36mrequest completed[39m
    [35mreq[39m: {
      "id": 9,
      "method": "GET",
      "url": "/api/types"
    }
    [35mres[39m: {
      "statusCode": 304
    }
    [35mresponseTime[39m: 9
[15:05:28.104] [32mINFO[39m (16624): [36mrequest completed[39m
    [35mreq[39m: {
      "id": 10,
      "method": "GET",
      "url": "/api/tags"
    }
    [35mres[39m: {
      "statusCode": 304
    }
    [35mresponseTime[39m: 8
[15:05:34.540] [32mINFO[39m (16624): [36mrequest completed[39m
    [35mreq[39m: {
      "id": 11,
      "method": "GET",
      "url": "/api/projets"
    }
    [35mres[39m: {
      "statusCode": 304
    }
    [35mresponseTime[39m: 13
[15:05:34.540] [32mINFO[39m (16624): [36mrequest completed[39m
    [35mreq[39m: {
      "id": 12,
      "method": "GET",
      "url": "/api/unites"
    }
    [35mres[39m: {
      "statusCode": 304
    }
    [35mresponseTime[39m: 12
[15:05:34.541] [32mINFO[39m (16624): [36mrequest completed[39m
    [35mreq[39m: {
      "id": 13,
      "method": "GET",
      "url": "/api/bet"
    }
    [35mres[39m: {
      "statusCode": 304
    }
    [35mresponseTime[39m: 12
[15:05:34.550] [32mINFO[39m (16624): [36mrequest completed[39m
    [35mreq[39m: {
      "id": 15,
      "method": "GET",
      "url": "/api/tags"
    }
    [35mres[39m: {
      "statusCode": 304
    }
    [35mresponseTime[39m: 12
[15:05:34.556] [32mINFO[39m (16624): [36mrequest completed[39m
    [35mreq[39m: {
      "id": 14,
      "method": "GET",
      "url": "/api/users"
    }
    [35mres[39m: {
      "statusCode": 404
    }
    [35mresponseTime[39m: 18
[15:05:35.641] [32mINFO[39m (16624): [36mrequest completed[39m
    [35mreq[39m: {
      "id": 16,
      "method": "GET",
      "url": "/api/users"
    }
    [35mres[39m: {
      "statusCode": 404
    }
    [35mresponseTime[39m: 6
[15:05:49.077] [32mINFO[39m (16624): [36mrequest completed[39m
    [35mreq[39m: {
      "id": 17,
      "method": "PATCH",
      "url": "/api/projets/2"
    }
    [35mres[39m: {
      "statusCode": 404
    }
    [35mresponseTime[39m: 15
[15:06:02.774] [32mINFO[39m (16624): [36mrequest completed[39m
    [35mreq[39m: {
      "id": 18,
      "method": "POST",
      "url": "/api/projets"
    }
    [35mres[39m: {
      "statusCode": 201
    }
    [35mresponseTime[39m: 10
[15:06:03.153] [32mINFO[39m (16624): [36mrequest completed[39m
    [35mreq[39m: {
      "id": 19,
      "method": "GET",
      "url": "/api/projets"
    }
    [35mres[39m: {
      "statusCode": 200
    }
    [35mresponseTime[39m: 3
[15:06:07.564] [32mINFO[39m (16624): [36mrequest completed[39m
    [35mreq[39m: {
      "id": 20,
      "method": "GET",
      "url": "/api/unites"
    }
    [35mres[39m: {
      "statusCode": 304
    }
    [35mresponseTime[39m: 4
[15:06:15.549] [32mINFO[39m (16624): [36mrequest completed[39m
    [35mreq[39m: {
      "id": 21,
      "method": "PATCH",
      "url": "/api/unites/2"
    }
    [35mres[39m: {
      "statusCode": 200
    }
    [35mresponseTime[39m: 23
[15:06:15.794] [32mINFO[39m (16624): [36mrequest completed[39m
    [35mreq[39m: {
      "id": 22,
      "method": "GET",
      "url": "/api/unites"
    }
    [35mres[39m: {
      "statusCode": 200
    }
    [35mresponseTime[39m: 7
[15:06:17.718] [32mINFO[39m (16624): [36mrequest completed[39m
    [35mreq[39m: {
      "id": 23,
      "method": "GET",
      "url": "/api/cmds"
    }
    [35mres[39m: {
      "statusCode": 200
    }
    [35mresponseTime[39m: 4
[15:06:18.038] [32mINFO[39m (16624): [36mrequest completed[39m
    [35mreq[39m: {
      "id": 24,
      "method": "GET",
      "url": "/api/unites"
    }
    [35mres[39m: {
      "statusCode": 304
    }
    [35mresponseTime[39m: 8
[15:06:18.051] [32mINFO[39m (16624): [36mrequest completed[39m
    [35mreq[39m: {
      "id": 25,
      "method": "GET",
      "url": "/api/types"
    }
    [35mres[39m: {
      "statusCode": 304
    }
    [35mresponseTime[39m: 15
[15:06:18.051] [32mINFO[39m (16624): [36mrequest completed[39m
    [35mreq[39m: {
      "id": 26,
      "method": "GET",
      "url": "/api/tags"
    }
    [35mres[39m: {
      "statusCode": 304
    }
    [35mresponseTime[39m: 14
[15:06:21.661] [32mINFO[39m (16624): [36mrequest completed[39m
    [35mreq[39m: {
      "id": 27,
      "method": "GET",
      "url": "/api/recherche/projets"
    }
    [35mres[39m: {
      "statusCode": 200
    }
    [35mresponseTime[39m: 9
[15:06:25.106] [32mINFO[39m (16624): [36mrequest completed[39m
    [35mreq[39m: {
      "id": 28,
      "method": "GET",
      "url": "/api/dashboard"
    }
    [35mres[39m: {
      "statusCode": 200
    }
    [35mresponseTime[39m: 6
[15:06:25.403] [32mINFO[39m (16624): [36mrequest completed[39m
    [35mreq[39m: {
      "id": 29,
      "method": "GET",
      "url": "/api/dashboard/histogrammes"
    }
    [35mres[39m: {
      "statusCode": 200
    }
    [35mresponseTime[39m: 4
[15:06:25.407] [32mINFO[39m (16624): [36mrequest completed[39m
    [35mreq[39m: {
      "id": 30,
      "method": "GET",
      "url": "/api/dashboard/analyse"
    }
    [35mres[39m: {
      "statusCode": 304
    }
    [35mresponseTime[39m: 1
